2021-10-20  3:13:03 0 [Note] mysqld (server 10.6.4-MariaDB) starting as process 22748 ...
2021-10-20  3:13:03 0 [ERROR] mysqld: Can't lock aria control file '/data/data/com.termux/files/usr/var/lib/mysql/aria_log_control' for exclusive use, error: 11. Will retry for 30 seconds
2021-10-20  3:13:30 0 [Note] InnoDB: Compressed tables use zlib 1.2.11
2021-10-20  3:13:30 0 [Note] InnoDB: Number of pools: 1
2021-10-20  3:13:30 0 [Note] InnoDB: Using generic crc32 instructions
2021-10-20  3:13:30 0 [Note] mysqld: O_TMPFILE is not supported on /data/data/com.termux/files/usr/tmp (disabling future attempts)
2021-10-20  3:13:30 0 [Note] InnoDB: Initializing buffer pool, total size = 134217728, chunk size = 134217728
2021-10-20  3:13:30 0 [Note] InnoDB: Completed initialization of buffer pool
2021-10-20  3:13:30 0 [Note] InnoDB: Starting crash recovery from checkpoint LSN=56441479,56441479
2021-10-20  3:13:30 0 [ERROR] InnoDB: Missing FILE_CHECKPOINT at 56441479 between the checkpoint 56441479 and the end 56441515.
2021-10-20  3:13:30 0 [ERROR] InnoDB: Plugin initialization aborted with error Generic error
2021-10-20  3:13:30 0 [Note] InnoDB: Starting shutdown...
2021-10-20  3:13:30 0 [ERROR] Plugin 'InnoDB' init function returned error.
2021-10-20  3:13:30 0 [ERROR] Plugin 'InnoDB' registration as a STORAGE ENGINE failed.
2021-10-20  3:13:30 0 [Note] Plugin 'FEEDBACK' is disabled.
2021-10-20  3:13:30 0 [Note] Server socket created on IP: '::'.
2021-10-20  3:13:30 0 [Note] Server socket created on IP: '0.0.0.0'.
2021-10-20  3:13:30 1 [Warning] Failed to load slave replication state from table mysql.gtid_slave_pos: 1286: Unknown storage engine 'InnoDB'
2021-10-20  3:13:30 0 [Note] mysqld: ready for connections.
Version: '10.6.4-MariaDB'  socket: '/data/data/com.termux/files/usr/run/mysqld.sock'  port: 3306  MariaDB Server
2021-10-20  3:16:08 3 [Warning] Aborted connection 3 to db: 'unconnected' user: 'unauthenticated' host: 'localhost' (This connection closed normally without authentication)
2021-10-20  3:16:09 4 [Warning] Aborted connection 4 to db: 'unconnected' user: 'unauthenticated' host: 'localhost' (This connection closed normally without authentication)
2021-10-20  3:16:09 5 [Warning] Aborted connection 5 to db: 'unconnected' user: 'unauthenticated' host: 'localhost' (This connection closed normally without authentication)
2021-10-20  3:16:10 6 [Warning] Aborted connection 6 to db: 'unconnected' user: 'unauthenticated' host: 'localhost' (This connection closed normally without authentication)
2021-10-20  3:16:10 7 [Warning] Aborted connection 7 to db: 'unconnected' user: 'unauthenticated' host: 'localhost' (This connection closed normally without authentication)
2021-10-20  3:16:11 8 [Warning] Aborted connection 8 to db: 'unconnected' user: 'unauthenticated' host: 'localhost' (This connection closed normally without authentication)
2021-10-20  3:16:11 9 [Warning] Aborted connection 9 to db: 'unconnected' user: 'unauthenticated' host: 'localhost' (This connection closed normally without authentication)
2021-10-20  3:16:12 10 [Warning] Aborted connection 10 to db: 'unconnected' user: 'unauthenticated' host: 'localhost' (This connection closed normally without authentication)
2021-10-20  3:16:13 11 [Warning] Aborted connection 11 to db: 'unconnected' user: 'unauthenticated' host: 'localhost' (This connection closed normally without authentication)
2021-10-20  3:16:13 12 [Warning] Aborted connection 12 to db: 'unconnected' user: 'unauthenticated' host: 'localhost' (This connection closed normally without authentication)
2021-10-20  3:16:14 13 [Warning] Aborted connection 13 to db: 'unconnected' user: 'unauthenticated' host: 'localhost' (This connection closed normally without authentication)
2021-10-20  3:16:14 14 [Warning] Aborted connection 14 to db: 'unconnected' user: 'unauthenticated' host: 'localhost' (This connection closed normally without authentication)
2021-10-20  3:16:15 15 [Warning] Aborted connection 15 to db: 'unconnected' user: 'unauthenticated' host: 'localhost' (This connection closed normally without authentication)
2021-10-20  3:16:15 16 [Warning] Aborted connection 16 to db: 'unconnected' user: 'unauthenticated' host: 'localhost' (This connection closed normally without authentication)
2021-10-20  3:16:16 17 [Warning] Aborted connection 17 to db: 'unconnected' user: 'unauthenticated' host: 'localhost' (This connection closed normally without authentication)
2021-10-20  3:16:16 18 [Warning] Aborted connection 18 to db: 'unconnected' user: 'unauthenticated' host: 'localhost' (This connection closed normally without authentication)
2021-10-20  3:16:17 19 [Warning] Aborted connection 19 to db: 'unconnected' user: 'unauthenticated' host: 'localhost' (This connection closed normally without authentication)
2021-10-20  3:16:17 20 [Warning] Aborted connection 20 to db: 'unconnected' user: 'unauthenticated' host: 'localhost' (This connection closed normally without authentication)
2021-10-20  3:16:18 21 [Warning] Aborted connection 21 to db: 'unconnected' user: 'unauthenticated' host: 'localhost' (This connection closed normally without authentication)
2021-10-20  3:16:18 22 [Warning] Aborted connection 22 to db: 'unconnected' user: 'unauthenticated' host: 'localhost' (This connection closed normally without authentication)
2021-10-20  3:16:19 23 [Warning] Aborted connection 23 to db: 'unconnected' user: 'unauthenticated' host: 'localhost' (This connection closed normally without authentication)
2021-10-20  3:16:19 24 [Warning] Aborted connection 24 to db: 'unconnected' user: 'unauthenticated' host: 'localhost' (This connection closed normally without authentication)
2021-10-20  3:16:20 25 [Warning] Aborted connection 25 to db: 'unconnected' user: 'unauthenticated' host: 'localhost' (This connection closed normally without authentication)
2021-10-20  3:16:20 26 [Warning] Aborted connection 26 to db: 'unconnected' user: 'unauthenticated' host: 'localhost' (This connection closed normally without authentication)
2021-10-20  3:16:21 27 [Warning] Aborted connection 27 to db: 'unconnected' user: 'unauthenticated' host: 'localhost' (This connection closed normally without authentication)
2021-10-20  3:16:21 28 [Warning] Aborted connection 28 to db: 'unconnected' user: 'unauthenticated' host: 'localhost' (This connection closed normally without authentication)
2021-10-20  3:16:22 29 [Warning] Aborted connection 29 to db: 'unconnected' user: 'unauthenticated' host: 'localhost' (This connection closed normally without authentication)
2021-10-20  3:16:22 30 [Warning] Aborted connection 30 to db: 'unconnected' user: 'unauthenticated' host: 'localhost' (This connection closed normally without authentication)
2021-10-20  3:16:23 31 [Warning] Aborted connection 31 to db: 'unconnected' user: 'unauthenticated' host: 'localhost' (This connection closed normally without authentication)
2021-10-20  3:16:23 32 [Warning] Aborted connection 32 to db: 'unconnected' user: 'unauthenticated' host: 'localhost' (This connection closed normally without authentication)
2021-10-20  3:16:24 33 [Warning] Aborted connection 33 to db: 'unconnected' user: 'unauthenticated' host: 'localhost' (This connection closed normally without authentication)
2021-10-20  3:16:24 34 [Warning] Aborted connection 34 to db: 'unconnected' user: 'unauthenticated' host: 'localhost' (This connection closed normally without authentication)
2021-10-20  3:16:25 35 [Warning] Aborted connection 35 to db: 'unconnected' user: 'unauthenticated' host: 'localhost' (This connection closed normally without authentication)
2021-10-20  3:16:25 36 [Warning] Aborted connection 36 to db: 'unconnected' user: 'unauthenticated' host: 'localhost' (This connection closed normally without authentication)
2021-10-20  3:16:26 37 [Warning] Aborted connection 37 to db: 'unconnected' user: 'unauthenticated' host: 'localhost' (This connection closed normally without authentication)
2021-10-20  3:16:27 38 [Warning] Aborted connection 38 to db: 'unconnected' user: 'unauthenticated' host: 'localhost' (This connection closed normally without authentication)
2021-10-20  3:16:27 39 [Warning] Aborted connection 39 to db: 'unconnected' user: 'unauthenticated' host: 'localhost' (This connection closed normally without authentication)
2021-10-20  3:16:28 40 [Warning] Aborted connection 40 to db: 'unconnected' user: 'unauthenticated' host: 'localhost' (This connection closed normally without authentication)
2021-10-20  3:16:28 41 [Warning] Aborted connection 41 to db: 'unconnected' user: 'unauthenticated' host: 'localhost' (This connection closed normally without authentication)
2021-10-20  3:16:29 42 [Warning] Aborted connection 42 to db: 'unconnected' user: 'unauthenticated' host: 'localhost' (This connection closed normally without authentication)
2021-10-20  3:16:29 43 [Warning] Aborted connection 43 to db: 'unconnected' user: 'unauthenticated' host: 'localhost' (This connection closed normally without authentication)
2021-10-20  3:16:30 44 [Warning] Aborted connection 44 to db: 'unconnected' user: 'unauthenticated' host: 'localhost' (This connection closed normally without authentication)
2021-10-20  3:16:30 45 [Warning] Aborted connection 45 to db: 'unconnected' user: 'unauthenticated' host: 'localhost' (This connection closed normally without authentication)
2021-10-20  3:16:31 46 [Warning] Aborted connection 46 to db: 'unconnected' user: 'unauthenticated' host: 'localhost' (This connection closed normally without authentication)
2021-10-20  3:16:31 47 [Warning] Aborted connection 47 to db: 'unconnected' user: 'unauthenticated' host: 'localhost' (This connection closed normally without authentication)
2021-10-20  3:16:32 48 [Warning] Aborted connection 48 to db: 'unconnected' user: 'unauthenticated' host: 'localhost' (This connection closed normally without authentication)
2021-10-20  3:16:32 49 [Warning] Aborted connection 49 to db: 'unconnected' user: 'unauthenticated' host: 'localhost' (This connection closed normally without authentication)
2021-10-20  3:16:33 50 [Warning] Aborted connection 50 to db: 'unconnected' user: 'unauthenticated' host: 'localhost' (This connection closed normally without authentication)
2021-10-20  3:16:33 51 [Warning] Aborted connection 51 to db: 'unconnected' user: 'unauthenticated' host: 'localhost' (This connection closed normally without authentication)
2021-10-20  3:16:34 52 [Warning] Aborted connection 52 to db: 'unconnected' user: 'unauthenticated' host: 'localhost' (This connection closed normally without authentication)
2021-10-20  3:16:34 53 [Warning] Aborted connection 53 to db: 'unconnected' user: 'unauthenticated' host: 'localhost' (This connection closed normally without authentication)
2021-10-20  3:16:35 54 [Warning] Aborted connection 54 to db: 'unconnected' user: 'unauthenticated' host: 'localhost' (This connection closed normally without authentication)
2021-10-20  3:16:35 55 [Warning] Aborted connection 55 to db: 'unconnected' user: 'unauthenticated' host: 'localhost' (This connection closed normally without authentication)
2021-10-20  3:16:36 56 [Warning] Aborted connection 56 to db: 'unconnected' user: 'unauthenticated' host: 'localhost' (This connection closed normally without authentication)
2021-10-20  3:16:36 57 [Warning] Aborted connection 57 to db: 'unconnected' user: 'unauthenticated' host: 'localhost' (This connection closed normally without authentication)
2021-10-20  3:16:37 58 [Warning] Aborted connection 58 to db: 'unconnected' user: 'unauthenticated' host: 'localhost' (This connection closed normally without authentication)
2021-10-20  3:16:37 59 [Warning] Aborted connection 59 to db: 'unconnected' user: 'unauthenticated' host: 'localhost' (This connection closed normally without authentication)
2021-10-20  3:16:38 60 [Warning] Aborted connection 60 to db: 'unconnected' user: 'unauthenticated' host: 'localhost' (This connection closed normally without authentication)
2021-10-20  3:16:38 61 [Warning] Aborted connection 61 to db: 'unconnected' user: 'unauthenticated' host: 'localhost' (This connection closed normally without authentication)
